#
# A fatal error has been detected by the Java Runtime Environment:
#
#  EXCEPTION_ACCESS_VIOLATION (0xc0000005) at pc=0x0000000052a1fd60, pid=5092, tid=5212
#
# JRE version: Java(TM) SE Runtime Environment (7.0_75-b13) (build 1.7.0_75-b13)
# Java VM: Java HotSpot(TM) 64-Bit Server VM (24.75-b04 mixed mode windows-amd64 compressed oops)
# Problematic frame:
# V  [jvm.dll+0x41fd60]
#
# Failed to write core dump. Minidumps are not enabled by default on client versions of Windows
#
# If you would like to submit a bug report, please visit:
#   http://bugreport.sun.com/bugreport/crash.jsp
#

---------------  T H R E A D  ---------------

Current thread (0x0000000008d64000):  JavaThread "C2 CompilerThread0" daemon [_thread_in_native, id=5212, stack(0x000000000a250000,0x000000000a350000)]

siginfo: ExceptionCode=0xc0000005, reading address 0x00000000e04ab090

Registers:
RAX=0x000000000a34c798, RBX=0x000000000f10a020, RCX=0x00000000104ab050, RDX=0x000000001a000008
RSP=0x000000000a34c4f0, RBP=0x000000000e7d34c8, RSI=0x000000000a34c550, RDI=0x00000000000000ed
R8 =0x000000000e7d34c9, R9 =0x000000000e7d34c9, R10=0x000000000e49e3f8, R11=0x000000000e49e420
R12=0x0000000000000000, R13=0x000000000f10a030, R14=0x000000000a34c798, R15=0x000000000a34c750
RIP=0x0000000052a1fd60, EFLAGS=0x0000000000010293

Top of Stack: (sp=0x000000000a34c4f0)
0x000000000a34c4f0:   000000000ec52500 000000000ec52358
0x000000000a34c500:   000000000a34c750 000000000a34c798
0x000000000a34c510:   000000000ec525a0 000000000ec52358
0x000000000a34c520:   000000000ec52500 0000000052a22397
0x000000000a34c530:   000000000a34c750 000000000e7d10b0
0x000000000a34c540:   000000000eee8d00 000000000e6a5f30
0x000000000a34c550:   000000000a34c630 000000000a34c600
0x000000000a34c560:   000000000a34c798 00000000526c86fb
0x000000000a34c570:   0000000000000000 0000000008d64b90
0x000000000a34c580:   0000000000000002 000000000a34c750
0x000000000a34c590:   000000000a34c649 0000000052a22b29
0x000000000a34c5a0:   000000000ec4dde0 000000000efe5410
0x000000000a34c5b0:   000000000d7af280 0000000000000000
0x000000000a34c5c0:   000000000c117ca0 0000000052a206dd
0x000000000a34c5d0:   000000000a34c680 000000000e6a4a20
0x000000000a34c5e0:   000000000af62390 000000003f7ff81f 

Instructions: (pc=0x0000000052a1fd60)
0x0000000052a1fd40:   41 2c 24 0f 3c 08 75 09 49 8b 41 08 4c 8b 00 eb
0x0000000052a1fd50:   03 4d 8b c1 48 8b 46 10 41 8b 50 28 48 8b 48 08
0x0000000052a1fd60:   48 8b 04 d1 8b 48 68 3b cf 72 1c 75 0b 41 0f b6
0x0000000052a1fd70:   40 2c 24 0f 3c 0c 74 0f 49 8b c9 4d 8b e1 e8 5d 


Register to memory mapping:

RAX=0x000000000a34c798 is pointing into the stack for thread: 0x0000000008d64000
RBX=0x000000000f10a020 is an unknown value
RCX=0x00000000104ab050 is an unknown value
RDX=0x000000001a000008 is an unknown value
RSP=0x000000000a34c4f0 is pointing into the stack for thread: 0x0000000008d64000
RBP=0x000000000e7d34c8 is an unknown value
RSI=0x000000000a34c550 is pointing into the stack for thread: 0x0000000008d64000
RDI=0x00000000000000ed is an unknown value
R8 =0x000000000e7d34c9 is an unknown value
R9 =0x000000000e7d34c9 is an unknown value
R10=0x000000000e49e3f8 is an unknown value
R11=0x000000000e49e420 is an unknown value
R12=0x0000000000000000 is an unknown value
R13=0x000000000f10a030 is an unknown value
R14=0x000000000a34c798 is pointing into the stack for thread: 0x0000000008d64000
R15=0x000000000a34c750 is pointing into the stack for thread: 0x0000000008d64000


Stack: [0x000000000a250000,0x000000000a350000],  sp=0x000000000a34c4f0,  free space=1009k
Native frames: (J=compiled Java code, j=interpreted, Vv=VM code, C=native code)
V  [jvm.dll+0x41fd60]


Current CompileTask:
C2:15138702 2829             com.sun.tools.javac.jvm.ClassWriter::writeClassFile (1117 bytes)


---------------  P R O C E S S  ---------------

Java Threads: ( => current thread )
  0x000000000dc68800 JavaThread "pool-13-thread-1" [_thread_blocked, id=6848, stack(0x000000000f980000,0x000000000fa80000)]
  0x000000000dc66800 JavaThread "Stdin handler" [_thread_blocked, id=8572, stack(0x000000000cfc0000,0x000000000d0c0000)]
  0x000000000dc65000 JavaThread "Daemon worker Thread 12" [_thread_in_native, id=8760, stack(0x000000000f4f0000,0x000000000f5f0000)]
  0x000000000dc64000 JavaThread "Cancel handler" [_thread_blocked, id=7292, stack(0x000000000d170000,0x000000000d270000)]
  0x000000000dc65800 JavaThread "Handler for socket connection from /127.0.0.1:49556 to /127.0.0.1:51838" [_thread_in_native, id=8812, stack(0x000000000ceb0000,0x000000000cfb0000)]
  0x000000000dc63800 JavaThread "Daemon Thread 12" [_thread_blocked, id=2576, stack(0x000000000cd50000,0x000000000ce50000)]
  0x000000000b8d1800 JavaThread "File lock request listener" [_thread_in_native, id=7564, stack(0x000000000d430000,0x000000000d530000)]
  0x000000000af59800 JavaThread "Incoming local TCP Connector on port 49556" [_thread_in_native, id=7660, stack(0x000000000cb30000,0x000000000cc30000)]
  0x0000000008d6b800 JavaThread "Service Thread" daemon [_thread_blocked, id=7240, stack(0x000000000a530000,0x000000000a630000)]
  0x0000000008d69800 JavaThread "C2 CompilerThread1" daemon [_thread_blocked, id=8004, stack(0x000000000a370000,0x000000000a470000)]
=>0x0000000008d64000 JavaThread "C2 CompilerThread0" daemon [_thread_in_native, id=5212, stack(0x000000000a250000,0x000000000a350000)]
  0x0000000008d61800 JavaThread "Attach Listener" daemon [_thread_blocked, id=5264, stack(0x000000000a110000,0x000000000a210000)]
  0x0000000008d5c800 JavaThread "Signal Dispatcher" daemon [_thread_blocked, id=432, stack(0x0000000009bd0000,0x0000000009cd0000)]
  0x0000000008d0a800 JavaThread "Finalizer" daemon [_thread_blocked, id=6628, stack(0x0000000009fd0000,0x000000000a0d0000)]
  0x0000000008d03800 JavaThread "Reference Handler" daemon [_thread_blocked, id=4352, stack(0x0000000009ec0000,0x0000000009fc0000)]
  0x0000000001cfe000 JavaThread "main" [_thread_blocked, id=7140, stack(0x0000000002490000,0x0000000002590000)]

Other Threads:
  0x0000000008d00000 VMThread [stack: 0x0000000009d30000,0x0000000009e30000] [id=6920]
  0x0000000008d7c000 WatcherThread [stack: 0x000000000aaf0000,0x000000000abf0000] [id=6596]

VM state:not at safepoint (normal execution)

VM Mutex/Monitor currently owned by a thread: None

Heap
 PSYoungGen      total 305152K, used 247681K [0x00000000eaa80000, 0x0000000100000000, 0x0000000100000000)
  eden space 265728K, 93% used [0x00000000eaa80000,0x00000000f9c60630,0x00000000fae00000)
  from space 39424K, 0% used [0x00000000fae00000,0x00000000fae00000,0x00000000fd480000)
  to   space 37888K, 0% used [0x00000000fdb00000,0x00000000fdb00000,0x0000000100000000)
 ParOldGen       total 219648K, used 196678K [0x00000000c0000000, 0x00000000cd680000, 0x00000000eaa80000)
  object space 219648K, 89% used [0x00000000c0000000,0x00000000cc011bc8,0x00000000cd680000)
 PSPermGen       total 241152K, used 218897K [0x00000000b0000000, 0x00000000beb80000, 0x00000000c0000000)
  object space 241152K, 90% used [0x00000000b0000000,0x00000000bd5c47b8,0x00000000beb80000)

Card table byte_map: [0x0000000005590000,0x0000000005820000] byte_map_base: 0x0000000005010000

Polling page: 0x0000000000140000

Code Cache  [0x0000000002590000, 0x0000000002fc0000, 0x0000000005590000)
 total_blobs=3193 nmethods=2532 adapters=612 free_code_cache=38878Kb largest_free_block=39675904

Compilation events (10 events):
Event: 15130.643 Thread 0x0000000008d64000 2826             com.sun.tools.javac.comp.Lower::visitClassDef (563 bytes)
Event: 15130.695 Thread 0x0000000008d64000 nmethod 2826 0x0000000002fab790 code [0x0000000002faba60, 0x0000000002facab8]
Event: 15130.696 Thread 0x0000000008d69800 nmethod 2825 0x0000000002fae210 code [0x0000000002fae720, 0x0000000002fb0e00]
Event: 15130.711 Thread 0x0000000008d64000 2827             com.sun.tools.javac.jvm.ClassWriter::writeMethods (85 bytes)
Event: 15130.716 Thread 0x0000000008d64000 nmethod 2827 0x0000000002f8fd90 code [0x0000000002f8ff00, 0x0000000002f90168]
Event: 15130.724 Thread 0x0000000008d69800 2828             com.sun.tools.javac.jvm.Gen::normalizeDefs (573 bytes)
Event: 15130.725 Thread 0x0000000008d64000 2829             com.sun.tools.javac.jvm.ClassWriter::writeClassFile (1117 bytes)
Event: 15130.788 Thread 0x0000000008d69800 nmethod 2828 0x0000000002fb4cd0 code [0x0000000002fb5140, 0x0000000002fb6cc8]
Event: 15130.859 Thread 0x0000000008d69800 2830             com.sun.tools.javac.jvm.Pool::put (164 bytes)
Event: 15130.883 Thread 0x0000000008d69800 nmethod 2830 0x0000000002faa650 code [0x0000000002faa840, 0x0000000002fab060]

GC Heap History (10 events):
Event: 12022.759 GC heap before
{Heap before GC invocations=54 (full 13):
 PSYoungGen      total 304128K, used 250551K [0x00000000eaa80000, 0x00000000ffc80000, 0x0000000100000000)
  eden space 265216K, 94% used [0x00000000eaa80000,0x00000000f9f2dc00,0x00000000fad80000)
  from space 38912K, 0% used [0x00000000fd680000,0x00000000fd680000,0x00000000ffc80000)
  to   space 40448K, 0% used [0x00000000fad80000,0x00000000fad80000,0x00000000fd500000)
 ParOldGen       total 219648K, used 183834K [0x00000000c0000000, 0x00000000cd680000, 0x00000000eaa80000)
  object space 219648K, 83% used [0x00000000c0000000,0x00000000cb386aa8,0x00000000cd680000)
 PSPermGen       total 219136K, used 193963K [0x00000000b0000000, 0x00000000bd600000, 0x00000000c0000000)
  object space 219136K, 88% used [0x00000000b0000000,0x00000000bbd6aff0,0x00000000bd600000)
Event: 12022.966 GC heap after
Heap after GC invocations=54 (full 13):
 PSYoungGen      total 289280K, used 23561K [0x00000000eaa80000, 0x00000000ffb80000, 0x0000000100000000)
  eden space 265216K, 0% used [0x00000000eaa80000,0x00000000eaa80000,0x00000000fad80000)
  from space 24064K, 97% used [0x00000000fad80000,0x00000000fc4826f8,0x00000000fc500000)
  to   space 39936K, 0% used [0x00000000fd480000,0x00000000fd480000,0x00000000ffb80000)
 ParOldGen       total 219648K, used 183834K [0x00000000c0000000, 0x00000000cd680000, 0x00000000eaa80000)
  object space 219648K, 83% used [0x00000000c0000000,0x00000000cb386aa8,0x00000000cd680000)
 PSPermGen       total 219136K, used 193963K [0x00000000b0000000, 0x00000000bd600000, 0x00000000c0000000)
  object space 219136K, 88% used [0x00000000b0000000,0x00000000bbd6aff0,0x00000000bd600000)
}
Event: 12022.966 GC heap before
{Heap before GC invocations=55 (full 14):
 PSYoungGen      total 289280K, used 23561K [0x00000000eaa80000, 0x00000000ffb80000, 0x0000000100000000)
  eden space 265216K, 0% used [0x00000000eaa80000,0x00000000eaa80000,0x00000000fad80000)
  from space 24064K, 97% used [0x00000000fad80000,0x00000000fc4826f8,0x00000000fc500000)
  to   space 39936K, 0% used [0x00000000fd480000,0x00000000fd480000,0x00000000ffb80000)
 ParOldGen       total 219648K, used 183834K [0x00000000c0000000, 0x00000000cd680000, 0x00000000eaa80000)
  object space 219648K, 83% used [0x00000000c0000000,0x00000000cb386aa8,0x00000000cd680000)
 PSPermGen       total 219136K, used 193963K [0x00000000b0000000, 0x00000000bd600000, 0x00000000c0000000)
  object space 219136K, 88% used [0x00000000b0000000,0x00000000bbd6aff0,0x00000000bd600000)
Event: 12024.012 GC heap after
Heap after GC invocations=55 (full 14):
 PSYoungGen      total 289280K, used 0K [0x00000000eaa80000, 0x00000000ffb80000, 0x0000000100000000)
  eden space 265216K, 0% used [0x00000000eaa80000,0x00000000eaa80000,0x00000000fad80000)
  from space 24064K, 0% used [0x00000000fad80000,0x00000000fad80000,0x00000000fc500000)
  to   space 39936K, 0% used [0x00000000fd480000,0x00000000fd480000,0x00000000ffb80000)
 ParOldGen       total 219648K, used 180404K [0x00000000c0000000, 0x00000000cd680000, 0x00000000eaa80000)
  object space 219648K, 82% used [0x00000000c0000000,0x00000000cb02d3a0,0x00000000cd680000)
 PSPermGen       total 225792K, used 193059K [0x00000000b0000000, 0x00000000bdc80000, 0x00000000c0000000)
  object space 225792K, 85% used [0x00000000b0000000,0x00000000bbc88f70,0x00000000bdc80000)
}
Event: 12192.488 GC heap before
{Heap before GC invocations=56 (full 14):
 PSYoungGen      total 289280K, used 265216K [0x00000000eaa80000, 0x00000000ffb80000, 0x0000000100000000)
  eden space 265216K, 100% used [0x00000000eaa80000,0x00000000fad80000,0x00000000fad80000)
  from space 24064K, 0% used [0x00000000fad80000,0x00000000fad80000,0x00000000fc500000)
  to   space 39936K, 0% used [0x00000000fd480000,0x00000000fd480000,0x00000000ffb80000)
 ParOldGen       total 219648K, used 180404K [0x00000000c0000000, 0x00000000cd680000, 0x00000000eaa80000)
  object space 219648K, 82% used [0x00000000c0000000,0x00000000cb02d3a0,0x00000000cd680000)
 PSPermGen       total 225792K, used 201391K [0x00000000b0000000, 0x00000000bdc80000, 0x00000000c0000000)
  object space 225792K, 89% used [0x00000000b0000000,0x00000000bc4abc88,0x00000000bdc80000)
Event: 12192.607 GC heap after
Heap after GC invocations=56 (full 14):
 PSYoungGen      total 305664K, used 22984K [0x00000000eaa80000, 0x0000000100000000, 0x0000000100000000)
  eden space 265728K, 0% used [0x00000000eaa80000,0x00000000eaa80000,0x00000000fae00000)
  from space 39936K, 57% used [0x00000000fd480000,0x00000000feaf2308,0x00000000ffb80000)
  to   space 39424K, 0% used [0x00000000fae00000,0x00000000fae00000,0x00000000fd480000)
 ParOldGen       total 219648K, used 180404K [0x00000000c0000000, 0x00000000cd680000, 0x00000000eaa80000)
  object space 219648K, 82% used [0x00000000c0000000,0x00000000cb02d3a0,0x00000000cd680000)
 PSPermGen       total 225792K, used 201391K [0x00000000b0000000, 0x00000000bdc80000, 0x00000000c0000000)
  object space 225792K, 89% used [0x00000000b0000000,0x00000000bc4abc88,0x00000000bdc80000)
}
Event: 12196.958 GC heap before
{Heap before GC invocations=57 (full 14):
 PSYoungGen      total 305664K, used 219648K [0x00000000eaa80000, 0x0000000100000000, 0x0000000100000000)
  eden space 265728K, 74% used [0x00000000eaa80000,0x00000000f6a8df90,0x00000000fae00000)
  from space 39936K, 57% used [0x00000000fd480000,0x00000000feaf2308,0x00000000ffb80000)
  to   space 39424K, 0% used [0x00000000fae00000,0x00000000fae00000,0x00000000fd480000)
 ParOldGen       total 219648K, used 180404K [0x00000000c0000000, 0x00000000cd680000, 0x00000000eaa80000)
  object space 219648K, 82% used [0x00000000c0000000,0x00000000cb02d3a0,0x00000000cd680000)
 PSPermGen       total 225792K, used 210693K [0x00000000b0000000, 0x00000000bdc80000, 0x00000000c0000000)
  object space 225792K, 93% used [0x00000000b0000000,0x00000000bcdc14a0,0x00000000bdc80000)
Event: 12197.097 GC heap after
Heap after GC invocations=57 (full 14):
 PSYoungGen      total 305152K, used 21461K [0x00000000eaa80000, 0x0000000100000000, 0x0000000100000000)
  eden space 265728K, 0% used [0x00000000eaa80000,0x00000000eaa80000,0x00000000fae00000)
  from space 39424K, 54% used [0x00000000fae00000,0x00000000fc2f5740,0x00000000fd480000)
  to   space 37888K, 0% used [0x00000000fdb00000,0x00000000fdb00000,0x0000000100000000)
 ParOldGen       total 219648K, used 195060K [0x00000000c0000000, 0x00000000cd680000, 0x00000000eaa80000)
  object space 219648K, 88% used [0x00000000c0000000,0x00000000cbe7d260,0x00000000cd680000)
 PSPermGen       total 225792K, used 210693K [0x00000000b0000000, 0x00000000bdc80000, 0x00000000c0000000)
  object space 225792K, 93% used [0x00000000b0000000,0x00000000bcdc14a0,0x00000000bdc80000)
}
Event: 12197.097 GC heap before
{Heap before GC invocations=58 (full 15):
 PSYoungGen      total 305152K, used 21461K [0x00000000eaa80000, 0x0000000100000000, 0x0000000100000000)
  eden space 265728K, 0% used [0x00000000eaa80000,0x00000000eaa80000,0x00000000fae00000)
  from space 39424K, 54% used [0x00000000fae00000,0x00000000fc2f5740,0x00000000fd480000)
  to   space 37888K, 0% used [0x00000000fdb00000,0x00000000fdb00000,0x0000000100000000)
 ParOldGen       total 219648K, used 195060K [0x00000000c0000000, 0x00000000cd680000, 0x00000000eaa80000)
  object space 219648K, 88% used [0x00000000c0000000,0x00000000cbe7d260,0x00000000cd680000)
 PSPermGen       total 225792K, used 210693K [0x00000000b0000000, 0x00000000bdc80000, 0x00000000c0000000)
  object space 225792K, 93% used [0x00000000b0000000,0x00000000bcdc14a0,0x00000000bdc80000)
Event: 12198.368 GC heap after
Heap after GC invocations=58 (full 15):
 PSYoungGen      total 305152K, used 0K [0x00000000eaa80000, 0x0000000100000000, 0x0000000100000000)
  eden space 265728K, 0% used [0x00000000eaa80000,0x00000000eaa80000,0x00000000fae00000)
  from space 39424K, 0% used [0x00000000fae00000,0x00000000fae00000,0x00000000fd480000)
  to   space 37888K, 0% used [0x00000000fdb00000,0x00000000fdb00000,0x0000000100000000)
 ParOldGen       total 219648K, used 196678K [0x00000000c0000000, 0x00000000cd680000, 0x00000000eaa80000)
  object space 219648K, 89% used [0x00000000c0000000,0x00000000cc011bc8,0x00000000cd680000)
 PSPermGen       total 241152K, used 210217K [0x00000000b0000000, 0x00000000beb80000, 0x00000000c0000000)
  object space 241152K, 87% used [0x00000000b0000000,0x00000000bcd4a7b0,0x00000000beb80000)
}

Deoptimization events (10 events):
Event: 15129.804 Thread 0x000000000dc65000 Uncommon trap: reason=class_check action=maybe_recompile pc=0x0000000002e57cb8 method=com.sun.tools.javac.jvm.ClassWriter.writePool(Lcom/sun/tools/javac/jvm/Pool;)V @ 619
Event: 15129.852 Thread 0x000000000dc65000 Uncommon trap: reason=bimorphic action=maybe_recompile pc=0x0000000002ea8200 method=com.sun.tools.javac.tree.TreeScanner.visitVarDef(Lcom/sun/tools/javac/tree/JCTree$JCVariableDecl;)V @ 5
Event: 15129.853 Thread 0x000000000dc65000 Uncommon trap: reason=bimorphic action=maybe_recompile pc=0x0000000002ea8200 method=com.sun.tools.javac.tree.TreeScanner.visitVarDef(Lcom/sun/tools/javac/tree/JCTree$JCVariableDecl;)V @ 5
Event: 15129.853 Thread 0x000000000dc65000 Uncommon trap: reason=bimorphic action=maybe_recompile pc=0x0000000002ea8200 method=com.sun.tools.javac.tree.TreeScanner.visitVarDef(Lcom/sun/tools/javac/tree/JCTree$JCVariableDecl;)V @ 5
Event: 15129.853 Thread 0x000000000dc65000 Uncommon trap: reason=bimorphic action=maybe_recompile pc=0x0000000002ea8200 method=com.sun.tools.javac.tree.TreeScanner.visitVarDef(Lcom/sun/tools/javac/tree/JCTree$JCVariableDecl;)V @ 5
Event: 15130.001 Thread 0x000000000dc65000 Uncommon trap: reason=class_check action=maybe_recompile pc=0x0000000002ea0754 method=com.sun.tools.javac.code.Type$ClassType.allparams()Lcom/sun/tools/javac/util/List; @ 16
Event: 15130.001 Thread 0x000000000dc65000 Uncommon trap: reason=class_check action=maybe_recompile pc=0x0000000002f95fec method=com.sun.tools.javac.code.Types$6.visitClassType(Lcom/sun/tools/javac/code/Type$ClassType;Lcom/sun/tools/javac/code/Type;)Ljava/lang/Boolean; @ 296
Event: 15130.001 Thread 0x000000000dc65000 Uncommon trap: reason=class_check action=maybe_recompile pc=0x0000000002f95fec method=com.sun.tools.javac.code.Types$6.visitClassType(Lcom/sun/tools/javac/code/Type$ClassType;Lcom/sun/tools/javac/code/Type;)Ljava/lang/Boolean; @ 296
Event: 15130.001 Thread 0x000000000dc65000 Uncommon trap: reason=class_check action=maybe_recompile pc=0x0000000002f95fec method=com.sun.tools.javac.code.Types$6.visitClassType(Lcom/sun/tools/javac/code/Type$ClassType;Lcom/sun/tools/javac/code/Type;)Ljava/lang/Boolean; @ 296
Event: 15130.001 Thread 0x000000000dc65000 Uncommon trap: reason=class_check action=maybe_recompile pc=0x0000000002f95fec method=com.sun.tools.javac.code.Types$6.visitClassType(Lcom/sun/tools/javac/code/Type$ClassType;Lcom/sun/tools/javac/code/Type;)Ljava/lang/Boolean; @ 296

Internal exceptions (10 events):
Event: 15125.784 Thread 0x000000000dc65000 Threw 0x00000000f81a4a48 at C:\re\jdk7u75\1940\hotspot\src\share\vm\classfile\systemDictionary.cpp:185
Event: 15125.784 Thread 0x000000000dc65000 Threw 0x00000000f81a9650 at C:\re\jdk7u75\1940\hotspot\src\share\vm\prims\jvm.cpp:1281
Event: 15125.784 Thread 0x000000000dc65000 Threw 0x00000000f81ae128 at C:\re\jdk7u75\1940\hotspot\src\share\vm\prims\jvm.cpp:1281
Event: 15125.784 Thread 0x000000000dc65000 Threw 0x00000000f81ae5f0 at C:\re\jdk7u75\1940\hotspot\src\share\vm\classfile\systemDictionary.cpp:185
Event: 15125.785 Thread 0x000000000dc65000 Threw 0x00000000f81b7cf0 at C:\re\jdk7u75\1940\hotspot\src\share\vm\prims\jvm.cpp:1281
Event: 15125.785 Thread 0x000000000dc65000 Threw 0x00000000f81bc918 at C:\re\jdk7u75\1940\hotspot\src\share\vm\prims\jvm.cpp:1281
Event: 15125.785 Thread 0x000000000dc65000 Threw 0x00000000f81bcce0 at C:\re\jdk7u75\1940\hotspot\src\share\vm\classfile\systemDictionary.cpp:185
Event: 15125.841 Thread 0x000000000dc65000 Threw 0x00000000f826e300 at C:\re\jdk7u75\1940\hotspot\src\share\vm\prims\jvm.cpp:1281
Event: 15125.841 Thread 0x000000000dc65000 Threw 0x00000000f826f210 at C:\re\jdk7u75\1940\hotspot\src\share\vm\prims\jvm.cpp:1281
Event: 15125.841 Thread 0x000000000dc65000 Threw 0x00000000f82797e0 at C:\re\jdk7u75\1940\hotspot\src\share\vm\prims\jvm.cpp:1281

Events (10 events):
Event: 15130.017 loading class 0x000000000bd6b540
Event: 15130.017 loading class 0x000000000bd6b540 done
Event: 15130.865 loading class 0x000000000bf6c700
Event: 15130.865 loading class 0x000000000bf6c700 done
Event: 15130.866 loading class 0x000000000bb07af0
Event: 15130.866 loading class 0x000000000bb07af0 done
Event: 15130.880 loading class 0x000000000ac7b250
Event: 15130.880 loading class 0x000000000ac7b250 done
Event: 15130.881 loading class 0x000000000ac83ef0
Event: 15130.881 loading class 0x000000000ac83ef0 done


Dynamic libraries:
0x000000013f200000 - 0x000000013f233000 	C:\Program Files\Java\jdk1.7.0_75\bin\java.exe
0x0000000076ce0000 - 0x0000000076e88000 	C:\Windows\SYSTEM32\ntdll.dll
0x0000000076bc0000 - 0x0000000076cdf000 	C:\Windows\system32\kernel32.dll
0x000007fefcd40000 - 0x000007fefcdac000 	C:\Windows\system32\KERNELBASE.dll
0x000007fefced0000 - 0x000007fefcfab000 	C:\Windows\system32\ADVAPI32.dll
0x000007fefef50000 - 0x000007fefefef000 	C:\Windows\system32\msvcrt.dll
0x000007fefdb70000 - 0x000007fefdb8f000 	C:\Windows\SYSTEM32\sechost.dll
0x000007fefeb00000 - 0x000007fefec2d000 	C:\Windows\system32\RPCRT4.dll
0x0000000076ac0000 - 0x0000000076bba000 	C:\Windows\system32\USER32.dll
0x000007fefce60000 - 0x000007fefcec7000 	C:\Windows\system32\GDI32.dll
0x000007fefef40000 - 0x000007fefef4e000 	C:\Windows\system32\LPK.dll
0x000007fefdaa0000 - 0x000007fefdb69000 	C:\Windows\system32\USP10.dll
0x000007fefb500000 - 0x000007fefb6f4000 	C:\Windows\WinSxS\amd64_microsoft.windows.common-controls_6595b64144ccf1df_6.0.7601.18807_none_fa381d5f175bfb52\COMCTL32.dll
0x000007fefeec0000 - 0x000007fefef31000 	C:\Windows\system32\SHLWAPI.dll
0x000007fefda70000 - 0x000007fefda9e000 	C:\Windows\system32\IMM32.DLL
0x000007fefecb0000 - 0x000007fefedb9000 	C:\Windows\system32\MSCTF.dll
0x00000000779e0000 - 0x0000000077ab2000 	C:\Program Files\Java\jdk1.7.0_75\jre\bin\msvcr100.dll
0x0000000052600000 - 0x0000000052dd4000 	C:\Program Files\Java\jdk1.7.0_75\jre\bin\server\jvm.dll
0x000007fef8000000 - 0x000007fef8009000 	C:\Windows\system32\WSOCK32.dll
0x000007fefee70000 - 0x000007fefeebd000 	C:\Windows\system32\WS2_32.dll
0x000007fefedc0000 - 0x000007fefedc8000 	C:\Windows\system32\NSI.dll
0x000007fefa870000 - 0x000007fefa8ab000 	C:\Windows\system32\WINMM.dll
0x0000000076ea0000 - 0x0000000076ea7000 	C:\Windows\system32\PSAPI.DLL
0x0000000056030000 - 0x000000005603f000 	C:\Program Files\Java\jdk1.7.0_75\jre\bin\verify.dll
0x00000000554f0000 - 0x0000000055518000 	C:\Program Files\Java\jdk1.7.0_75\jre\bin\java.dll
0x00000000554d0000 - 0x00000000554e5000 	C:\Program Files\Java\jdk1.7.0_75\jre\bin\zip.dll
0x00000000554b0000 - 0x00000000554c9000 	C:\Program Files\Java\jdk1.7.0_75\jre\bin\net.dll
0x000007fefc240000 - 0x000007fefc295000 	C:\Windows\system32\mswsock.dll
0x000007fefc230000 - 0x000007fefc237000 	C:\Windows\System32\wship6.dll
0x0000000055490000 - 0x00000000554a1000 	C:\Program Files\Java\jdk1.7.0_75\jre\bin\nio.dll
0x000007fefc2a0000 - 0x000007fefc2b8000 	C:\Windows\system32\CRYPTSP.dll
0x000007fefbfa0000 - 0x000007fefbfe7000 	C:\Windows\system32\rsaenh.dll
0x000007fefcdc0000 - 0x000007fefcdde000 	C:\Windows\system32\USERENV.dll
0x000007fefcaa0000 - 0x000007fefcaaf000 	C:\Windows\system32\profapi.dll
0x000007fefc900000 - 0x000007fefc90f000 	C:\Windows\system32\CRYPTBASE.dll
0x000007fefa250000 - 0x000007fefa277000 	C:\Windows\system32\IPHLPAPI.DLL
0x000007fefa210000 - 0x000007fefa21b000 	C:\Windows\system32\WINNSI.DLL
0x000007fef9f90000 - 0x000007fef9fa8000 	C:\Windows\system32\dhcpcsvc.DLL
0x000007fef9eb0000 - 0x000007fef9ec1000 	C:\Windows\system32\dhcpcsvc6.DLL
0x000007feee8d0000 - 0x000007feee8e2000 	C:\Users\Xingke\AppData\Local\Temp\native-platform3908449039161779336dir\native-platform.dll
0x000007fefc8a0000 - 0x000007fefc8f7000 	C:\Windows\system32\apphelp.dll
0x00000000523e0000 - 0x0000000052404000 	C:\Program Files\Java\jdk1.7.0_75\jre\bin\sunec.dll
0x00000000553d0000 - 0x00000000553db000 	C:\Program Files\Java\jdk1.7.0_75\jre\bin\sunmscapi.dll
0x000007fefcbc0000 - 0x000007fefcd2d000 	C:\Windows\system32\CRYPT32.dll
0x000007fefcab0000 - 0x000007fefcabf000 	C:\Windows\system32\MSASN1.dll
0x000007fefbc60000 - 0x000007fefbc67000 	C:\Windows\System32\wshtcpip.dll
0x000007fefc0c0000 - 0x000007fefc11b000 	C:\Windows\system32\DNSAPI.dll
0x0000000063560000 - 0x0000000063569000 	C:\Program Files\National Instruments\Shared\mDNS Responder\nimdnsNSP.dll
0x0000000063550000 - 0x000000006355e000 	C:\Windows\system32\nimdnsResponder.dll
0x000000006ba10000 - 0x000000006bab3000 	C:\Windows\WinSxS\amd64_microsoft.vc90.crt_1fc8b3b9a1e18e3b_9.0.30729.6161_none_08e61857a83bc251\MSVCR90.dll
0x000007fef6c30000 - 0x000007fef6c38000 	C:\Windows\system32\rasadhlp.dll
0x000007fefa0c0000 - 0x000007fefa113000 	C:\Windows\System32\fwpuclnt.dll
0x000007fefa920000 - 0x000007fefa935000 	C:\Windows\system32\NLAapi.dll
0x000007fef6380000 - 0x000007fef6395000 	C:\Windows\system32\napinsp.dll
0x000007fef6320000 - 0x000007fef6339000 	C:\Windows\system32\pnrpnsp.dll
0x000007fef6310000 - 0x000007fef6320000 	C:\Windows\system32\wshbth.dll
0x000007fef6300000 - 0x000007fef630b000 	C:\Windows\System32\winrnr.dll
0x000007fef4dc0000 - 0x000007fef4ee5000 	C:\Windows\system32\dbghelp.dll

VM Arguments:
jvm_args: -XX:MaxPermSize=256m -XX:+HeapDumpOnOutOfMemoryError -Xmx1024m -Dfile.encoding=windows-1252 -Duser.country=CO -Duser.language=es -Duser.variant 
java_command: org.gradle.launcher.daemon.bootstrap.GradleDaemon 2.2.1 C:\Users\Xingke\.gradle\daemon 10800000 1046c936-35de-40a5-a6dd-d08ed741dcbe -XX:MaxPermSize=256m -XX:+HeapDumpOnOutOfMemoryError -Xmx1024m -Dfile.encoding=windows-1252 -Duser.country=CO -Duser.language=es -Duser.variant
Launcher Type: SUN_STANDARD

Environment Variables:
PATH=C:\Xilinx\10.1\ISE\bin\nt64;C:\Xilinx\10.1\ISE\lib\nt64;C:\Xilinx\10.1\ISE\smartmodel\nt\installed_nt\lib\pcnt.lib;C:\Program Files (x86)\Intel\iCLS Client\;C:\Program Files\Intel\iCLS Client\;C:\Windows\system32;C:\Windows;C:\Windows\System32\Wbem;C:\Windows\System32\WindowsPowerShell\v1.0\;C:\Program Files\Intel\WiFi\bin\;C:\Program Files\Common Files\Intel\WirelessCommon\;C:\Program Files (x86)\Intel\OpenCL SDK\2.0\bin\x86;C:\Program Files (x86)\Intel\OpenCL SDK\2.0\bin\x64;C:\Program Files\Intel\Intel(R) Management Engine Components\DAL;C:\Program Files\Intel\Intel(R) Management Engine Components\IPT;C:\Program Files (x86)\Intel\Intel(R) Management Engine Components\DAL;C:\Program Files (x86)\Intel\Intel(R) Management Engine Components\IPT;C:\Program Files\Condusiv Technologies\ExpressCache\;C:\Program Files\Calibre2\;C:\Program Files\Java\jdk1.7.0_75\bin\;C:\Program Files (x86)\Skype\Phone\;C:\Program Files\Intel\WiFi\bin\;C:\Program Files\Common Files\Intel\WirelessCommon\
USERNAME=Xingke
OS=Windows_NT
PROCESSOR_IDENTIFIER=Intel64 Family 6 Model 58 Stepping 9, GenuineIntel



---------------  S Y S T E M  ---------------

OS: Windows 7 , 64 bit Build 7601 Service Pack 1

CPU:total 4 (2 cores per cpu, 2 threads per core) family 6 model 58 stepping 9, cmov, cx8, fxsr, mmx, sse, sse2, sse3, ssse3, sse4.1, sse4.2, popcnt, avx, aes, erms, ht, tsc, tscinvbit, tscinv

Memory: 4k page, physical 4073288k(289120k free), swap 8144724k(1490088k free)

vm_info: Java HotSpot(TM) 64-Bit Server VM (24.75-b04) for windows-amd64 JRE (1.7.0_75-b13), built on Dec 18 2014 17:15:01 by "java_re" with unknown MS VC++:1600

time: Mon May 25 23:14:27 2015
elapsed time: 15131 seconds

